Terminals unused in grammar

   ASSIGN
   LIT
   COMMENT


狀態 19 衝突：3 項偏移/縮減
狀態 45 衝突：3 項偏移/縮減
狀態 49 衝突：7 項偏移/縮減，1 項縮減/縮減
狀態 51 衝突：7 項偏移/縮減，1 項縮減/縮減
狀態 52 衝突：7 項偏移/縮減，1 項縮減/縮減
狀態 59 衝突：7 項偏移/縮減，10 項縮減/縮減
狀態 87 衝突：9 項偏移/縮減
狀態 100 衝突：7 項偏移/縮減，1 項縮減/縮減
狀態 103 衝突：7 項偏移/縮減，10 項縮減/縮減
狀態 114 衝突：9 項偏移/縮減
狀態 126 衝突：7 項偏移/縮減，10 項縮減/縮減


文法

    0 $accept: prog $end

    1 prog: mainc cdcls
    2     | /* 空白 */

    3 stmts: stmt stmts
    4      | /* 空白 */

    5 mainc: CLASS ID LBP PUB STATIC VOID MAIN LP STR LSP RSP ID RP LBP stmts RBP RBP

    6 cdcls: cdcl cdcls
    7      | /* 空白 */

    8 cdcl: CLASS ID LBP vdcls mdcls RBP

    9 vdcls: vdcl vdcls
   10      | /* 空白 */

   11 vdcl: type ID SEMI

   12 mdcls: mdcl mdcls
   13      | /* 空白 */

   14 mdcl: PUB type ID LP formals RP LBP vdcls stmts RETURN exp SEMI RBP

   15 formals: type ID frest
   16        | /* 空白 */

   17 frest: COMMA type ID frest
   18      | /* 空白 */

   19 type: INT LSP RSP
   20     | BOOLEAN
   21     | INT
   22     | ID

   23 stmt: LBP stmts RBP
   24     | IF LP exp RP stmts ELSE stmts
   25     | WHILE LP exp RP stmts
   26     | PRINT LP exp RP SEMI
   27     | ID LSP exp RSP EQ exp SEMI
   28     | vdcls

   29 relop: ADD
   30      | MINUS
   31      | TIMES
   32      | OR
   33      | AND
   34      | LT
   35      | LE
   36      | EQ
   37      | DOT

   38 exp: exp relop exp
   39    | ID LSP exp RSP
   40    | ID LP explist RP
   41    | LP exp RP
   42    | NUM
   43    | TRUE
   44    | FALSE
   45    | ID
   46    | THIS
   47    | NEW INT LSP exp RSP
   48    | NEW ID LP RP
   49    | NOT exp

   50 exprests: exprest exprests
   51         | /* 空白 */

   52 explist: exp exprests

   53 exprest: COMMA exp


終結語詞，附有它們出現處的規則

$end (0) 0
error (256)
CLASS (258) 5 8
PUB (259) 5 14
STATIC (260) 5
OR (261) 32
AND (262) 33
EQ (263) 27 36
LE (264) 35
LT (265) 34
MINUS (266) 30
ADD (267) 29
TIMES (268) 31
LBP (269) 5 8 14 23
RBP (270) 5 8 14 23
LSP (271) 5 19 27 39 47
RSP (272) 5 19 27 39 47
LP (273) 5 14 24 25 26 40 41 48
RP (274) 5 14 24 25 26 40 41 48
INT (275) 19 21 47
NUM (276) 42
BOOLEAN (277) 20
TRUE (278) 43
FALSE (279) 44
NOT (280) 49
IF (281) 24
ELSE (282) 24
WHILE (283) 25
PRINT (284) 26
ASSIGN (285)
VOID (286) 5
MAIN (287) 5
STR (288) 5
RETURN (289) 14
SEMI (290) 11 14 26 27
COMMA (291) 17 53
THIS (292) 46
NEW (293) 47 48
DOT (294) 37
ID (295) 5 8 11 14 15 17 22 27 39 40 45 48
LIT (296)
COMMENT (297)


非終結語詞，附有它們出現處的規則

$accept (43)
   於左側： 0
prog (44)
   於左側： 1 2,於右側： 0
stmts (45)
   於左側： 3 4,於右側： 3 5 14 23 24 25
mainc (46)
   於左側： 5,於右側： 1
cdcls (47)
   於左側： 6 7,於右側： 1 6
cdcl (48)
   於左側： 8,於右側： 6
vdcls (49)
   於左側： 9 10,於右側： 8 9 14 28
vdcl (50)
   於左側： 11,於右側： 9
mdcls (51)
   於左側： 12 13,於右側： 8 12
mdcl (52)
   於左側： 14,於右側： 12
formals (53)
   於左側： 15 16,於右側： 14
frest (54)
   於左側： 17 18,於右側： 15 17
type (55)
   於左側： 19 20 21 22,於右側： 11 14 15 17
stmt (56)
   於左側： 23 24 25 26 27 28,於右側： 3
relop (57)
   於左側： 29 30 31 32 33 34 35 36 37,於右側： 38
exp (58)
   於左側： 38 39 40 41 42 43 44 45 46 47 48 49,於右側： 14 24 25 26
    27 38 39 41 47 49 52 53
exprests (59)
   於左側： 50 51,於右側： 50 52
explist (60)
   於左側： 52,於右側： 40
exprest (61)
   於左側： 53,於右側： 50


狀態 0

    0 $accept: . prog $end
    1 prog: . mainc cdcls
    2     | .  [$end]
    5 mainc: . CLASS ID LBP PUB STATIC VOID MAIN LP STR LSP RSP ID RP LBP stmts RBP RBP

    CLASS  偏移，並進入狀態 1

    $預設  使用規則 2 以縮減 (prog)

    prog   進入狀態 2
    mainc  進入狀態 3


狀態 1

    5 mainc: CLASS . ID LBP PUB STATIC VOID MAIN LP STR LSP RSP ID RP LBP stmts RBP RBP

    ID  偏移，並進入狀態 4


狀態 2

    0 $accept: prog . $end

    $end  偏移，並進入狀態 5


狀態 3

    1 prog: mainc . cdcls
    6 cdcls: . cdcl cdcls
    7      | .  [$end]
    8 cdcl: . CLASS ID LBP vdcls mdcls RBP

    CLASS  偏移，並進入狀態 6

    $預設  使用規則 7 以縮減 (cdcls)

    cdcls  進入狀態 7
    cdcl   進入狀態 8


狀態 4

    5 mainc: CLASS ID . LBP PUB STATIC VOID MAIN LP STR LSP RSP ID RP LBP stmts RBP RBP

    LBP  偏移，並進入狀態 9


狀態 5

    0 $accept: prog $end .

    $預設  接受


狀態 6

    8 cdcl: CLASS . ID LBP vdcls mdcls RBP

    ID  偏移，並進入狀態 10


狀態 7

    1 prog: mainc cdcls .

    $預設  使用規則 1 以縮減 (prog)


狀態 8

    6 cdcls: . cdcl cdcls
    6      | cdcl . cdcls
    7      | .  [$end]
    8 cdcl: . CLASS ID LBP vdcls mdcls RBP

    CLASS  偏移，並進入狀態 6

    $預設  使用規則 7 以縮減 (cdcls)

    cdcls  進入狀態 11
    cdcl   進入狀態 8


狀態 9

    5 mainc: CLASS ID LBP . PUB STATIC VOID MAIN LP STR LSP RSP ID RP LBP stmts RBP RBP

    PUB  偏移，並進入狀態 12


狀態 10

    8 cdcl: CLASS ID . LBP vdcls mdcls RBP

    LBP  偏移，並進入狀態 13


狀態 11

    6 cdcls: cdcl cdcls .

    $預設  使用規則 6 以縮減 (cdcls)


狀態 12

    5 mainc: CLASS ID LBP PUB . STATIC VOID MAIN LP STR LSP RSP ID RP LBP stmts RBP RBP

    STATIC  偏移，並進入狀態 14


狀態 13

    8 cdcl: CLASS ID LBP . vdcls mdcls RBP
    9 vdcls: . vdcl vdcls
   10      | .  [PUB, RBP]
   11 vdcl: . type ID SEMI
   19 type: . INT LSP RSP
   20     | . BOOLEAN
   21     | . INT
   22     | . ID

    INT      偏移，並進入狀態 15
    BOOLEAN  偏移，並進入狀態 16
    ID       偏移，並進入狀態 17

    $預設  使用規則 10 以縮減 (vdcls)

    vdcls  進入狀態 18
    vdcl   進入狀態 19
    type   進入狀態 20


狀態 14

    5 mainc: CLASS ID LBP PUB STATIC . VOID MAIN LP STR LSP RSP ID RP LBP stmts RBP RBP

    VOID  偏移，並進入狀態 21


狀態 15

   19 type: INT . LSP RSP
   21     | INT .  [ID]

    LSP  偏移，並進入狀態 22

    $預設  使用規則 21 以縮減 (type)


狀態 16

   20 type: BOOLEAN .

    $預設  使用規則 20 以縮減 (type)


狀態 17

   22 type: ID .

    $預設  使用規則 22 以縮減 (type)


狀態 18

    8 cdcl: CLASS ID LBP vdcls . mdcls RBP
   12 mdcls: . mdcl mdcls
   13      | .  [RBP]
   14 mdcl: . PUB type ID LP formals RP LBP vdcls stmts RETURN exp SEMI RBP

    PUB  偏移，並進入狀態 23

    $預設  使用規則 13 以縮減 (mdcls)

    mdcls  進入狀態 24
    mdcl   進入狀態 25


狀態 19

    9 vdcls: . vdcl vdcls
    9      | vdcl . vdcls
   10      | .  [PUB, LBP, RBP, INT, BOOLEAN, IF, ELSE, WHILE, PRINT, RETURN, ID]
   11 vdcl: . type ID SEMI
   19 type: . INT LSP RSP
   20     | . BOOLEAN
   21     | . INT
   22     | . ID

    INT      偏移，並進入狀態 15
    BOOLEAN  偏移，並進入狀態 16
    ID       偏移，並進入狀態 17

    INT      [使用規則 10 以縮減 (vdcls)]
    BOOLEAN  [使用規則 10 以縮減 (vdcls)]
    ID       [使用規則 10 以縮減 (vdcls)]
    $預設    使用規則 10 以縮減 (vdcls)

    vdcls  進入狀態 26
    vdcl   進入狀態 19
    type   進入狀態 20


狀態 20

   11 vdcl: type . ID SEMI

    ID  偏移，並進入狀態 27


狀態 21

    5 mainc: CLASS ID LBP PUB STATIC VOID . MAIN LP STR LSP RSP ID RP LBP stmts RBP RBP

    MAIN  偏移，並進入狀態 28


狀態 22

   19 type: INT LSP . RSP

    RSP  偏移，並進入狀態 29


狀態 23

   14 mdcl: PUB . type ID LP formals RP LBP vdcls stmts RETURN exp SEMI RBP
   19 type: . INT LSP RSP
   20     | . BOOLEAN
   21     | . INT
   22     | . ID

    INT      偏移，並進入狀態 15
    BOOLEAN  偏移，並進入狀態 16
    ID       偏移，並進入狀態 17

    type  進入狀態 30


狀態 24

    8 cdcl: CLASS ID LBP vdcls mdcls . RBP

    RBP  偏移，並進入狀態 31


狀態 25

   12 mdcls: . mdcl mdcls
   12      | mdcl . mdcls
   13      | .  [RBP]
   14 mdcl: . PUB type ID LP formals RP LBP vdcls stmts RETURN exp SEMI RBP

    PUB  偏移，並進入狀態 23

    $預設  使用規則 13 以縮減 (mdcls)

    mdcls  進入狀態 32
    mdcl   進入狀態 25


狀態 26

    9 vdcls: vdcl vdcls .

    $預設  使用規則 9 以縮減 (vdcls)


狀態 27

   11 vdcl: type ID . SEMI

    SEMI  偏移，並進入狀態 33


狀態 28

    5 mainc: CLASS ID LBP PUB STATIC VOID MAIN . LP STR LSP RSP ID RP LBP stmts RBP RBP

    LP  偏移，並進入狀態 34


狀態 29

   19 type: INT LSP RSP .

    $預設  使用規則 19 以縮減 (type)


狀態 30

   14 mdcl: PUB type . ID LP formals RP LBP vdcls stmts RETURN exp SEMI RBP

    ID  偏移，並進入狀態 35


狀態 31

    8 cdcl: CLASS ID LBP vdcls mdcls RBP .

    $預設  使用規則 8 以縮減 (cdcl)


狀態 32

   12 mdcls: mdcl mdcls .

    $預設  使用規則 12 以縮減 (mdcls)


狀態 33

   11 vdcl: type ID SEMI .

    $預設  使用規則 11 以縮減 (vdcl)


狀態 34

    5 mainc: CLASS ID LBP PUB STATIC VOID MAIN LP . STR LSP RSP ID RP LBP stmts RBP RBP

    STR  偏移，並進入狀態 36


狀態 35

   14 mdcl: PUB type ID . LP formals RP LBP vdcls stmts RETURN exp SEMI RBP

    LP  偏移，並進入狀態 37


狀態 36

    5 mainc: CLASS ID LBP PUB STATIC VOID MAIN LP STR . LSP RSP ID RP LBP stmts RBP RBP

    LSP  偏移，並進入狀態 38


狀態 37

   14 mdcl: PUB type ID LP . formals RP LBP vdcls stmts RETURN exp SEMI RBP
   15 formals: . type ID frest
   16        | .  [RP]
   19 type: . INT LSP RSP
   20     | . BOOLEAN
   21     | . INT
   22     | . ID

    INT      偏移，並進入狀態 15
    BOOLEAN  偏移，並進入狀態 16
    ID       偏移，並進入狀態 17

    $預設  使用規則 16 以縮減 (formals)

    formals  進入狀態 39
    type     進入狀態 40


狀態 38

    5 mainc: CLASS ID LBP PUB STATIC VOID MAIN LP STR LSP . RSP ID RP LBP stmts RBP RBP

    RSP  偏移，並進入狀態 41


狀態 39

   14 mdcl: PUB type ID LP formals . RP LBP vdcls stmts RETURN exp SEMI RBP

    RP  偏移，並進入狀態 42


狀態 40

   15 formals: type . ID frest

    ID  偏移，並進入狀態 43


狀態 41

    5 mainc: CLASS ID LBP PUB STATIC VOID MAIN LP STR LSP RSP . ID RP LBP stmts RBP RBP

    ID  偏移，並進入狀態 44


狀態 42

   14 mdcl: PUB type ID LP formals RP . LBP vdcls stmts RETURN exp SEMI RBP

    LBP  偏移，並進入狀態 45


狀態 43

   15 formals: type ID . frest
   17 frest: . COMMA type ID frest
   18      | .  [RP]

    COMMA  偏移，並進入狀態 46

    $預設  使用規則 18 以縮減 (frest)

    frest  進入狀態 47


狀態 44

    5 mainc: CLASS ID LBP PUB STATIC VOID MAIN LP STR LSP RSP ID . RP LBP stmts RBP RBP

    RP  偏移，並進入狀態 48


狀態 45

    9 vdcls: . vdcl vdcls
   10      | .  [LBP, INT, BOOLEAN, IF, WHILE, PRINT, RETURN, ID]
   11 vdcl: . type ID SEMI
   14 mdcl: PUB type ID LP formals RP LBP . vdcls stmts RETURN exp SEMI RBP
   19 type: . INT LSP RSP
   20     | . BOOLEAN
   21     | . INT
   22     | . ID

    INT      偏移，並進入狀態 15
    BOOLEAN  偏移，並進入狀態 16
    ID       偏移，並進入狀態 17

    INT      [使用規則 10 以縮減 (vdcls)]
    BOOLEAN  [使用規則 10 以縮減 (vdcls)]
    ID       [使用規則 10 以縮減 (vdcls)]
    $預設    使用規則 10 以縮減 (vdcls)

    vdcls  進入狀態 49
    vdcl   進入狀態 19
    type   進入狀態 20


狀態 46

   17 frest: COMMA . type ID frest
   19 type: . INT LSP RSP
   20     | . BOOLEAN
   21     | . INT
   22     | . ID

    INT      偏移，並進入狀態 15
    BOOLEAN  偏移，並進入狀態 16
    ID       偏移，並進入狀態 17

    type  進入狀態 50


狀態 47

   15 formals: type ID frest .

    $預設  使用規則 15 以縮減 (formals)


狀態 48

    5 mainc: CLASS ID LBP PUB STATIC VOID MAIN LP STR LSP RSP ID RP . LBP stmts RBP RBP

    LBP  偏移，並進入狀態 51


狀態 49

    3 stmts: . stmt stmts
    4      | .  [RETURN]
    9 vdcls: . vdcl vdcls
   10      | .  [LBP, INT, BOOLEAN, IF, WHILE, PRINT, RETURN, ID]
   11 vdcl: . type ID SEMI
   14 mdcl: PUB type ID LP formals RP LBP vdcls . stmts RETURN exp SEMI RBP
   19 type: . INT LSP RSP
   20     | . BOOLEAN
   21     | . INT
   22     | . ID
   23 stmt: . LBP stmts RBP
   24     | . IF LP exp RP stmts ELSE stmts
   25     | . WHILE LP exp RP stmts
   26     | . PRINT LP exp RP SEMI
   27     | . ID LSP exp RSP EQ exp SEMI
   28     | . vdcls

    LBP      偏移，並進入狀態 52
    INT      偏移，並進入狀態 15
    BOOLEAN  偏移，並進入狀態 16
    IF       偏移，並進入狀態 53
    WHILE    偏移，並進入狀態 54
    PRINT    偏移，並進入狀態 55
    ID       偏移，並進入狀態 56

    LBP      [使用規則 10 以縮減 (vdcls)]
    INT      [使用規則 10 以縮減 (vdcls)]
    BOOLEAN  [使用規則 10 以縮減 (vdcls)]
    IF       [使用規則 10 以縮減 (vdcls)]
    WHILE    [使用規則 10 以縮減 (vdcls)]
    PRINT    [使用規則 10 以縮減 (vdcls)]
    RETURN   使用規則 4 以縮減 (stmts)
    RETURN   [使用規則 10 以縮減 (vdcls)]
    ID       [使用規則 10 以縮減 (vdcls)]
    $預設    使用規則 4 以縮減 (stmts)

    stmts  進入狀態 57
    vdcls  進入狀態 58
    vdcl   進入狀態 19
    type   進入狀態 20
    stmt   進入狀態 59


狀態 50

   17 frest: COMMA type . ID frest

    ID  偏移，並進入狀態 60


狀態 51

    3 stmts: . stmt stmts
    4      | .  [RBP]
    5 mainc: CLASS ID LBP PUB STATIC VOID MAIN LP STR LSP RSP ID RP LBP . stmts RBP RBP
    9 vdcls: . vdcl vdcls
   10      | .  [LBP, RBP, INT, BOOLEAN, IF, WHILE, PRINT, ID]
   11 vdcl: . type ID SEMI
   19 type: . INT LSP RSP
   20     | . BOOLEAN
   21     | . INT
   22     | . ID
   23 stmt: . LBP stmts RBP
   24     | . IF LP exp RP stmts ELSE stmts
   25     | . WHILE LP exp RP stmts
   26     | . PRINT LP exp RP SEMI
   27     | . ID LSP exp RSP EQ exp SEMI
   28     | . vdcls

    LBP      偏移，並進入狀態 52
    INT      偏移，並進入狀態 15
    BOOLEAN  偏移，並進入狀態 16
    IF       偏移，並進入狀態 53
    WHILE    偏移，並進入狀態 54
    PRINT    偏移，並進入狀態 55
    ID       偏移，並進入狀態 56

    LBP      [使用規則 10 以縮減 (vdcls)]
    RBP      使用規則 4 以縮減 (stmts)
    RBP      [使用規則 10 以縮減 (vdcls)]
    INT      [使用規則 10 以縮減 (vdcls)]
    BOOLEAN  [使用規則 10 以縮減 (vdcls)]
    IF       [使用規則 10 以縮減 (vdcls)]
    WHILE    [使用規則 10 以縮減 (vdcls)]
    PRINT    [使用規則 10 以縮減 (vdcls)]
    ID       [使用規則 10 以縮減 (vdcls)]
    $預設    使用規則 4 以縮減 (stmts)

    stmts  進入狀態 61
    vdcls  進入狀態 58
    vdcl   進入狀態 19
    type   進入狀態 20
    stmt   進入狀態 59


狀態 52

    3 stmts: . stmt stmts
    4      | .  [RBP]
    9 vdcls: . vdcl vdcls
   10      | .  [LBP, RBP, INT, BOOLEAN, IF, WHILE, PRINT, ID]
   11 vdcl: . type ID SEMI
   19 type: . INT LSP RSP
   20     | . BOOLEAN
   21     | . INT
   22     | . ID
   23 stmt: . LBP stmts RBP
   23     | LBP . stmts RBP
   24     | . IF LP exp RP stmts ELSE stmts
   25     | . WHILE LP exp RP stmts
   26     | . PRINT LP exp RP SEMI
   27     | . ID LSP exp RSP EQ exp SEMI
   28     | . vdcls

    LBP      偏移，並進入狀態 52
    INT      偏移，並進入狀態 15
    BOOLEAN  偏移，並進入狀態 16
    IF       偏移，並進入狀態 53
    WHILE    偏移，並進入狀態 54
    PRINT    偏移，並進入狀態 55
    ID       偏移，並進入狀態 56

    LBP      [使用規則 10 以縮減 (vdcls)]
    RBP      使用規則 4 以縮減 (stmts)
    RBP      [使用規則 10 以縮減 (vdcls)]
    INT      [使用規則 10 以縮減 (vdcls)]
    BOOLEAN  [使用規則 10 以縮減 (vdcls)]
    IF       [使用規則 10 以縮減 (vdcls)]
    WHILE    [使用規則 10 以縮減 (vdcls)]
    PRINT    [使用規則 10 以縮減 (vdcls)]
    ID       [使用規則 10 以縮減 (vdcls)]
    $預設    使用規則 4 以縮減 (stmts)

    stmts  進入狀態 62
    vdcls  進入狀態 58
    vdcl   進入狀態 19
    type   進入狀態 20
    stmt   進入狀態 59


狀態 53

   24 stmt: IF . LP exp RP stmts ELSE stmts

    LP  偏移，並進入狀態 63


狀態 54

   25 stmt: WHILE . LP exp RP stmts

    LP  偏移，並進入狀態 64


狀態 55

   26 stmt: PRINT . LP exp RP SEMI

    LP  偏移，並進入狀態 65


狀態 56

   22 type: ID .  [ID]
   27 stmt: ID . LSP exp RSP EQ exp SEMI

    LSP  偏移，並進入狀態 66

    $預設  使用規則 22 以縮減 (type)


狀態 57

   14 mdcl: PUB type ID LP formals RP LBP vdcls stmts . RETURN exp SEMI RBP

    RETURN  偏移，並進入狀態 67


狀態 58

   28 stmt: vdcls .

    $預設  使用規則 28 以縮減 (stmt)


狀態 59

    3 stmts: . stmt stmts
    3      | stmt . stmts
    4      | .  [LBP, RBP, INT, BOOLEAN, IF, ELSE, WHILE, PRINT, RETURN, ID]
    9 vdcls: . vdcl vdcls
   10      | .  [LBP, RBP, INT, BOOLEAN, IF, ELSE, WHILE, PRINT, RETURN, ID]
   11 vdcl: . type ID SEMI
   19 type: . INT LSP RSP
   20     | . BOOLEAN
   21     | . INT
   22     | . ID
   23 stmt: . LBP stmts RBP
   24     | . IF LP exp RP stmts ELSE stmts
   25     | . WHILE LP exp RP stmts
   26     | . PRINT LP exp RP SEMI
   27     | . ID LSP exp RSP EQ exp SEMI
   28     | . vdcls

    LBP      偏移，並進入狀態 52
    INT      偏移，並進入狀態 15
    BOOLEAN  偏移，並進入狀態 16
    IF       偏移，並進入狀態 53
    WHILE    偏移，並進入狀態 54
    PRINT    偏移，並進入狀態 55
    ID       偏移，並進入狀態 56

    LBP      [使用規則 4 以縮減 (stmts)]
    LBP      [使用規則 10 以縮減 (vdcls)]
    RBP      使用規則 4 以縮減 (stmts)
    RBP      [使用規則 10 以縮減 (vdcls)]
    INT      [使用規則 4 以縮減 (stmts)]
    INT      [使用規則 10 以縮減 (vdcls)]
    BOOLEAN  [使用規則 4 以縮減 (stmts)]
    BOOLEAN  [使用規則 10 以縮減 (vdcls)]
    IF       [使用規則 4 以縮減 (stmts)]
    IF       [使用規則 10 以縮減 (vdcls)]
    ELSE     使用規則 4 以縮減 (stmts)
    ELSE     [使用規則 10 以縮減 (vdcls)]
    WHILE    [使用規則 4 以縮減 (stmts)]
    WHILE    [使用規則 10 以縮減 (vdcls)]
    PRINT    [使用規則 4 以縮減 (stmts)]
    PRINT    [使用規則 10 以縮減 (vdcls)]
    RETURN   使用規則 4 以縮減 (stmts)
    RETURN   [使用規則 10 以縮減 (vdcls)]
    ID       [使用規則 4 以縮減 (stmts)]
    ID       [使用規則 10 以縮減 (vdcls)]
    $預設    使用規則 4 以縮減 (stmts)

    stmts  進入狀態 68
    vdcls  進入狀態 58
    vdcl   進入狀態 19
    type   進入狀態 20
    stmt   進入狀態 59


狀態 60

   17 frest: . COMMA type ID frest
   17      | COMMA type ID . frest
   18      | .  [RP]

    COMMA  偏移，並進入狀態 46

    $預設  使用規則 18 以縮減 (frest)

    frest  進入狀態 69


狀態 61

    5 mainc: CLASS ID LBP PUB STATIC VOID MAIN LP STR LSP RSP ID RP LBP stmts . RBP RBP

    RBP  偏移，並進入狀態 70


狀態 62

   23 stmt: LBP stmts . RBP

    RBP  偏移，並進入狀態 71


狀態 63

   24 stmt: IF LP . exp RP stmts ELSE stmts
   38 exp: . exp relop exp
   39    | . ID LSP exp RSP
   40    | . ID LP explist RP
   41    | . LP exp RP
   42    | . NUM
   43    | . TRUE
   44    | . FALSE
   45    | . ID
   46    | . THIS
   47    | . NEW INT LSP exp RSP
   48    | . NEW ID LP RP
   49    | . NOT exp

    LP     偏移，並進入狀態 72
    NUM    偏移，並進入狀態 73
    TRUE   偏移，並進入狀態 74
    FALSE  偏移，並進入狀態 75
    NOT    偏移，並進入狀態 76
    THIS   偏移，並進入狀態 77
    NEW    偏移，並進入狀態 78
    ID     偏移，並進入狀態 79

    exp  進入狀態 80


狀態 64

   25 stmt: WHILE LP . exp RP stmts
   38 exp: . exp relop exp
   39    | . ID LSP exp RSP
   40    | . ID LP explist RP
   41    | . LP exp RP
   42    | . NUM
   43    | . TRUE
   44    | . FALSE
   45    | . ID
   46    | . THIS
   47    | . NEW INT LSP exp RSP
   48    | . NEW ID LP RP
   49    | . NOT exp

    LP     偏移，並進入狀態 72
    NUM    偏移，並進入狀態 73
    TRUE   偏移，並進入狀態 74
    FALSE  偏移，並進入狀態 75
    NOT    偏移，並進入狀態 76
    THIS   偏移，並進入狀態 77
    NEW    偏移，並進入狀態 78
    ID     偏移，並進入狀態 79

    exp  進入狀態 81


狀態 65

   26 stmt: PRINT LP . exp RP SEMI
   38 exp: . exp relop exp
   39    | . ID LSP exp RSP
   40    | . ID LP explist RP
   41    | . LP exp RP
   42    | . NUM
   43    | . TRUE
   44    | . FALSE
   45    | . ID
   46    | . THIS
   47    | . NEW INT LSP exp RSP
   48    | . NEW ID LP RP
   49    | . NOT exp

    LP     偏移，並進入狀態 72
    NUM    偏移，並進入狀態 73
    TRUE   偏移，並進入狀態 74
    FALSE  偏移，並進入狀態 75
    NOT    偏移，並進入狀態 76
    THIS   偏移，並進入狀態 77
    NEW    偏移，並進入狀態 78
    ID     偏移，並進入狀態 79

    exp  進入狀態 82


狀態 66

   27 stmt: ID LSP . exp RSP EQ exp SEMI
   38 exp: . exp relop exp
   39    | . ID LSP exp RSP
   40    | . ID LP explist RP
   41    | . LP exp RP
   42    | . NUM
   43    | . TRUE
   44    | . FALSE
   45    | . ID
   46    | . THIS
   47    | . NEW INT LSP exp RSP
   48    | . NEW ID LP RP
   49    | . NOT exp

    LP     偏移，並進入狀態 72
    NUM    偏移，並進入狀態 73
    TRUE   偏移，並進入狀態 74
    FALSE  偏移，並進入狀態 75
    NOT    偏移，並進入狀態 76
    THIS   偏移，並進入狀態 77
    NEW    偏移，並進入狀態 78
    ID     偏移，並進入狀態 79

    exp  進入狀態 83


狀態 67

   14 mdcl: PUB type ID LP formals RP LBP vdcls stmts RETURN . exp SEMI RBP
   38 exp: . exp relop exp
   39    | . ID LSP exp RSP
   40    | . ID LP explist RP
   41    | . LP exp RP
   42    | . NUM
   43    | . TRUE
   44    | . FALSE
   45    | . ID
   46    | . THIS
   47    | . NEW INT LSP exp RSP
   48    | . NEW ID LP RP
   49    | . NOT exp

    LP     偏移，並進入狀態 72
    NUM    偏移，並進入狀態 73
    TRUE   偏移，並進入狀態 74
    FALSE  偏移，並進入狀態 75
    NOT    偏移，並進入狀態 76
    THIS   偏移，並進入狀態 77
    NEW    偏移，並進入狀態 78
    ID     偏移，並進入狀態 79

    exp  進入狀態 84


狀態 68

    3 stmts: stmt stmts .

    $預設  使用規則 3 以縮減 (stmts)


狀態 69

   17 frest: COMMA type ID frest .

    $預設  使用規則 17 以縮減 (frest)


狀態 70

    5 mainc: CLASS ID LBP PUB STATIC VOID MAIN LP STR LSP RSP ID RP LBP stmts RBP . RBP

    RBP  偏移，並進入狀態 85


狀態 71

   23 stmt: LBP stmts RBP .

    $預設  使用規則 23 以縮減 (stmt)


狀態 72

   38 exp: . exp relop exp
   39    | . ID LSP exp RSP
   40    | . ID LP explist RP
   41    | . LP exp RP
   41    | LP . exp RP
   42    | . NUM
   43    | . TRUE
   44    | . FALSE
   45    | . ID
   46    | . THIS
   47    | . NEW INT LSP exp RSP
   48    | . NEW ID LP RP
   49    | . NOT exp

    LP     偏移，並進入狀態 72
    NUM    偏移，並進入狀態 73
    TRUE   偏移，並進入狀態 74
    FALSE  偏移，並進入狀態 75
    NOT    偏移，並進入狀態 76
    THIS   偏移，並進入狀態 77
    NEW    偏移，並進入狀態 78
    ID     偏移，並進入狀態 79

    exp  進入狀態 86


狀態 73

   42 exp: NUM .

    $預設  使用規則 42 以縮減 (exp)


狀態 74

   43 exp: TRUE .

    $預設  使用規則 43 以縮減 (exp)


狀態 75

   44 exp: FALSE .

    $預設  使用規則 44 以縮減 (exp)


狀態 76

   38 exp: . exp relop exp
   39    | . ID LSP exp RSP
   40    | . ID LP explist RP
   41    | . LP exp RP
   42    | . NUM
   43    | . TRUE
   44    | . FALSE
   45    | . ID
   46    | . THIS
   47    | . NEW INT LSP exp RSP
   48    | . NEW ID LP RP
   49    | . NOT exp
   49    | NOT . exp

    LP     偏移，並進入狀態 72
    NUM    偏移，並進入狀態 73
    TRUE   偏移，並進入狀態 74
    FALSE  偏移，並進入狀態 75
    NOT    偏移，並進入狀態 76
    THIS   偏移，並進入狀態 77
    NEW    偏移，並進入狀態 78
    ID     偏移，並進入狀態 79

    exp  進入狀態 87


狀態 77

   46 exp: THIS .

    $預設  使用規則 46 以縮減 (exp)


狀態 78

   47 exp: NEW . INT LSP exp RSP
   48    | NEW . ID LP RP

    INT  偏移，並進入狀態 88
    ID   偏移，並進入狀態 89


狀態 79

   39 exp: ID . LSP exp RSP
   40    | ID . LP explist RP
   45    | ID .  [OR, AND, EQ, LE, LT, MINUS, ADD, TIMES, RSP, RP, SEMI, COMMA, DOT]

    LSP  偏移，並進入狀態 90
    LP   偏移，並進入狀態 91

    $預設  使用規則 45 以縮減 (exp)


狀態 80

   24 stmt: IF LP exp . RP stmts ELSE stmts
   29 relop: . ADD
   30      | . MINUS
   31      | . TIMES
   32      | . OR
   33      | . AND
   34      | . LT
   35      | . LE
   36      | . EQ
   37      | . DOT
   38 exp: exp . relop exp

    OR     偏移，並進入狀態 92
    AND    偏移，並進入狀態 93
    EQ     偏移，並進入狀態 94
    LE     偏移，並進入狀態 95
    LT     偏移，並進入狀態 96
    MINUS  偏移，並進入狀態 97
    ADD    偏移，並進入狀態 98
    TIMES  偏移，並進入狀態 99
    RP     偏移，並進入狀態 100
    DOT    偏移，並進入狀態 101

    relop  進入狀態 102


狀態 81

   25 stmt: WHILE LP exp . RP stmts
   29 relop: . ADD
   30      | . MINUS
   31      | . TIMES
   32      | . OR
   33      | . AND
   34      | . LT
   35      | . LE
   36      | . EQ
   37      | . DOT
   38 exp: exp . relop exp

    OR     偏移，並進入狀態 92
    AND    偏移，並進入狀態 93
    EQ     偏移，並進入狀態 94
    LE     偏移，並進入狀態 95
    LT     偏移，並進入狀態 96
    MINUS  偏移，並進入狀態 97
    ADD    偏移，並進入狀態 98
    TIMES  偏移，並進入狀態 99
    RP     偏移，並進入狀態 103
    DOT    偏移，並進入狀態 101

    relop  進入狀態 102


狀態 82

   26 stmt: PRINT LP exp . RP SEMI
   29 relop: . ADD
   30      | . MINUS
   31      | . TIMES
   32      | . OR
   33      | . AND
   34      | . LT
   35      | . LE
   36      | . EQ
   37      | . DOT
   38 exp: exp . relop exp

    OR     偏移，並進入狀態 92
    AND    偏移，並進入狀態 93
    EQ     偏移，並進入狀態 94
    LE     偏移，並進入狀態 95
    LT     偏移，並進入狀態 96
    MINUS  偏移，並進入狀態 97
    ADD    偏移，並進入狀態 98
    TIMES  偏移，並進入狀態 99
    RP     偏移，並進入狀態 104
    DOT    偏移，並進入狀態 101

    relop  進入狀態 102


狀態 83

   27 stmt: ID LSP exp . RSP EQ exp SEMI
   29 relop: . ADD
   30      | . MINUS
   31      | . TIMES
   32      | . OR
   33      | . AND
   34      | . LT
   35      | . LE
   36      | . EQ
   37      | . DOT
   38 exp: exp . relop exp

    OR     偏移，並進入狀態 92
    AND    偏移，並進入狀態 93
    EQ     偏移，並進入狀態 94
    LE     偏移，並進入狀態 95
    LT     偏移，並進入狀態 96
    MINUS  偏移，並進入狀態 97
    ADD    偏移，並進入狀態 98
    TIMES  偏移，並進入狀態 99
    RSP    偏移，並進入狀態 105
    DOT    偏移，並進入狀態 101

    relop  進入狀態 102


狀態 84

   14 mdcl: PUB type ID LP formals RP LBP vdcls stmts RETURN exp . SEMI RBP
   29 relop: . ADD
   30      | . MINUS
   31      | . TIMES
   32      | . OR
   33      | . AND
   34      | . LT
   35      | . LE
   36      | . EQ
   37      | . DOT
   38 exp: exp . relop exp

    OR     偏移，並進入狀態 92
    AND    偏移，並進入狀態 93
    EQ     偏移，並進入狀態 94
    LE     偏移，並進入狀態 95
    LT     偏移，並進入狀態 96
    MINUS  偏移，並進入狀態 97
    ADD    偏移，並進入狀態 98
    TIMES  偏移，並進入狀態 99
    SEMI   偏移，並進入狀態 106
    DOT    偏移，並進入狀態 101

    relop  進入狀態 102


狀態 85

    5 mainc: CLASS ID LBP PUB STATIC VOID MAIN LP STR LSP RSP ID RP LBP stmts RBP RBP .

    $預設  使用規則 5 以縮減 (mainc)


狀態 86

   29 relop: . ADD
   30      | . MINUS
   31      | . TIMES
   32      | . OR
   33      | . AND
   34      | . LT
   35      | . LE
   36      | . EQ
   37      | . DOT
   38 exp: exp . relop exp
   41    | LP exp . RP

    OR     偏移，並進入狀態 92
    AND    偏移，並進入狀態 93
    EQ     偏移，並進入狀態 94
    LE     偏移，並進入狀態 95
    LT     偏移，並進入狀態 96
    MINUS  偏移，並進入狀態 97
    ADD    偏移，並進入狀態 98
    TIMES  偏移，並進入狀態 99
    RP     偏移，並進入狀態 107
    DOT    偏移，並進入狀態 101

    relop  進入狀態 102


狀態 87

   29 relop: . ADD
   30      | . MINUS
   31      | . TIMES
   32      | . OR
   33      | . AND
   34      | . LT
   35      | . LE
   36      | . EQ
   37      | . DOT
   38 exp: exp . relop exp
   49    | NOT exp .  [OR, AND, EQ, LE, LT, MINUS, ADD, TIMES, RSP, RP, SEMI, COMMA, DOT]

    OR     偏移，並進入狀態 92
    AND    偏移，並進入狀態 93
    EQ     偏移，並進入狀態 94
    LE     偏移，並進入狀態 95
    LT     偏移，並進入狀態 96
    MINUS  偏移，並進入狀態 97
    ADD    偏移，並進入狀態 98
    TIMES  偏移，並進入狀態 99
    DOT    偏移，並進入狀態 101

    OR     [使用規則 49 以縮減 (exp)]
    AND    [使用規則 49 以縮減 (exp)]
    EQ     [使用規則 49 以縮減 (exp)]
    LE     [使用規則 49 以縮減 (exp)]
    LT     [使用規則 49 以縮減 (exp)]
    MINUS  [使用規則 49 以縮減 (exp)]
    ADD    [使用規則 49 以縮減 (exp)]
    TIMES  [使用規則 49 以縮減 (exp)]
    DOT    [使用規則 49 以縮減 (exp)]
    $預設  使用規則 49 以縮減 (exp)

    relop  進入狀態 102


狀態 88

   47 exp: NEW INT . LSP exp RSP

    LSP  偏移，並進入狀態 108


狀態 89

   48 exp: NEW ID . LP RP

    LP  偏移，並進入狀態 109


狀態 90

   38 exp: . exp relop exp
   39    | . ID LSP exp RSP
   39    | ID LSP . exp RSP
   40    | . ID LP explist RP
   41    | . LP exp RP
   42    | . NUM
   43    | . TRUE
   44    | . FALSE
   45    | . ID
   46    | . THIS
   47    | . NEW INT LSP exp RSP
   48    | . NEW ID LP RP
   49    | . NOT exp

    LP     偏移，並進入狀態 72
    NUM    偏移，並進入狀態 73
    TRUE   偏移，並進入狀態 74
    FALSE  偏移，並進入狀態 75
    NOT    偏移，並進入狀態 76
    THIS   偏移，並進入狀態 77
    NEW    偏移，並進入狀態 78
    ID     偏移，並進入狀態 79

    exp  進入狀態 110


狀態 91

   38 exp: . exp relop exp
   39    | . ID LSP exp RSP
   40    | . ID LP explist RP
   40    | ID LP . explist RP
   41    | . LP exp RP
   42    | . NUM
   43    | . TRUE
   44    | . FALSE
   45    | . ID
   46    | . THIS
   47    | . NEW INT LSP exp RSP
   48    | . NEW ID LP RP
   49    | . NOT exp
   52 explist: . exp exprests

    LP     偏移，並進入狀態 72
    NUM    偏移，並進入狀態 73
    TRUE   偏移，並進入狀態 74
    FALSE  偏移，並進入狀態 75
    NOT    偏移，並進入狀態 76
    THIS   偏移，並進入狀態 77
    NEW    偏移，並進入狀態 78
    ID     偏移，並進入狀態 79

    exp      進入狀態 111
    explist  進入狀態 112


狀態 92

   32 relop: OR .

    $預設  使用規則 32 以縮減 (relop)


狀態 93

   33 relop: AND .

    $預設  使用規則 33 以縮減 (relop)


狀態 94

   36 relop: EQ .

    $預設  使用規則 36 以縮減 (relop)


狀態 95

   35 relop: LE .

    $預設  使用規則 35 以縮減 (relop)


狀態 96

   34 relop: LT .

    $預設  使用規則 34 以縮減 (relop)


狀態 97

   30 relop: MINUS .

    $預設  使用規則 30 以縮減 (relop)


狀態 98

   29 relop: ADD .

    $預設  使用規則 29 以縮減 (relop)


狀態 99

   31 relop: TIMES .

    $預設  使用規則 31 以縮減 (relop)


狀態 100

    3 stmts: . stmt stmts
    4      | .  [ELSE]
    9 vdcls: . vdcl vdcls
   10      | .  [LBP, INT, BOOLEAN, IF, ELSE, WHILE, PRINT, ID]
   11 vdcl: . type ID SEMI
   19 type: . INT LSP RSP
   20     | . BOOLEAN
   21     | . INT
   22     | . ID
   23 stmt: . LBP stmts RBP
   24     | . IF LP exp RP stmts ELSE stmts
   24     | IF LP exp RP . stmts ELSE stmts
   25     | . WHILE LP exp RP stmts
   26     | . PRINT LP exp RP SEMI
   27     | . ID LSP exp RSP EQ exp SEMI
   28     | . vdcls

    LBP      偏移，並進入狀態 52
    INT      偏移，並進入狀態 15
    BOOLEAN  偏移，並進入狀態 16
    IF       偏移，並進入狀態 53
    WHILE    偏移，並進入狀態 54
    PRINT    偏移，並進入狀態 55
    ID       偏移，並進入狀態 56

    LBP      [使用規則 10 以縮減 (vdcls)]
    INT      [使用規則 10 以縮減 (vdcls)]
    BOOLEAN  [使用規則 10 以縮減 (vdcls)]
    IF       [使用規則 10 以縮減 (vdcls)]
    ELSE     使用規則 4 以縮減 (stmts)
    ELSE     [使用規則 10 以縮減 (vdcls)]
    WHILE    [使用規則 10 以縮減 (vdcls)]
    PRINT    [使用規則 10 以縮減 (vdcls)]
    ID       [使用規則 10 以縮減 (vdcls)]
    $預設    使用規則 4 以縮減 (stmts)

    stmts  進入狀態 113
    vdcls  進入狀態 58
    vdcl   進入狀態 19
    type   進入狀態 20
    stmt   進入狀態 59


狀態 101

   37 relop: DOT .

    $預設  使用規則 37 以縮減 (relop)


狀態 102

   38 exp: . exp relop exp
   38    | exp relop . exp
   39    | . ID LSP exp RSP
   40    | . ID LP explist RP
   41    | . LP exp RP
   42    | . NUM
   43    | . TRUE
   44    | . FALSE
   45    | . ID
   46    | . THIS
   47    | . NEW INT LSP exp RSP
   48    | . NEW ID LP RP
   49    | . NOT exp

    LP     偏移，並進入狀態 72
    NUM    偏移，並進入狀態 73
    TRUE   偏移，並進入狀態 74
    FALSE  偏移，並進入狀態 75
    NOT    偏移，並進入狀態 76
    THIS   偏移，並進入狀態 77
    NEW    偏移，並進入狀態 78
    ID     偏移，並進入狀態 79

    exp  進入狀態 114


狀態 103

    3 stmts: . stmt stmts
    4      | .  [LBP, RBP, INT, BOOLEAN, IF, ELSE, WHILE, PRINT, RETURN, ID]
    9 vdcls: . vdcl vdcls
   10      | .  [LBP, RBP, INT, BOOLEAN, IF, ELSE, WHILE, PRINT, RETURN, ID]
   11 vdcl: . type ID SEMI
   19 type: . INT LSP RSP
   20     | . BOOLEAN
   21     | . INT
   22     | . ID
   23 stmt: . LBP stmts RBP
   24     | . IF LP exp RP stmts ELSE stmts
   25     | . WHILE LP exp RP stmts
   25     | WHILE LP exp RP . stmts
   26     | . PRINT LP exp RP SEMI
   27     | . ID LSP exp RSP EQ exp SEMI
   28     | . vdcls

    LBP      偏移，並進入狀態 52
    INT      偏移，並進入狀態 15
    BOOLEAN  偏移，並進入狀態 16
    IF       偏移，並進入狀態 53
    WHILE    偏移，並進入狀態 54
    PRINT    偏移，並進入狀態 55
    ID       偏移，並進入狀態 56

    LBP      [使用規則 4 以縮減 (stmts)]
    LBP      [使用規則 10 以縮減 (vdcls)]
    RBP      使用規則 4 以縮減 (stmts)
    RBP      [使用規則 10 以縮減 (vdcls)]
    INT      [使用規則 4 以縮減 (stmts)]
    INT      [使用規則 10 以縮減 (vdcls)]
    BOOLEAN  [使用規則 4 以縮減 (stmts)]
    BOOLEAN  [使用規則 10 以縮減 (vdcls)]
    IF       [使用規則 4 以縮減 (stmts)]
    IF       [使用規則 10 以縮減 (vdcls)]
    ELSE     使用規則 4 以縮減 (stmts)
    ELSE     [使用規則 10 以縮減 (vdcls)]
    WHILE    [使用規則 4 以縮減 (stmts)]
    WHILE    [使用規則 10 以縮減 (vdcls)]
    PRINT    [使用規則 4 以縮減 (stmts)]
    PRINT    [使用規則 10 以縮減 (vdcls)]
    RETURN   使用規則 4 以縮減 (stmts)
    RETURN   [使用規則 10 以縮減 (vdcls)]
    ID       [使用規則 4 以縮減 (stmts)]
    ID       [使用規則 10 以縮減 (vdcls)]
    $預設    使用規則 4 以縮減 (stmts)

    stmts  進入狀態 115
    vdcls  進入狀態 58
    vdcl   進入狀態 19
    type   進入狀態 20
    stmt   進入狀態 59


狀態 104

   26 stmt: PRINT LP exp RP . SEMI

    SEMI  偏移，並進入狀態 116


狀態 105

   27 stmt: ID LSP exp RSP . EQ exp SEMI

    EQ  偏移，並進入狀態 117


狀態 106

   14 mdcl: PUB type ID LP formals RP LBP vdcls stmts RETURN exp SEMI . RBP

    RBP  偏移，並進入狀態 118


狀態 107

   41 exp: LP exp RP .

    $預設  使用規則 41 以縮減 (exp)


狀態 108

   38 exp: . exp relop exp
   39    | . ID LSP exp RSP
   40    | . ID LP explist RP
   41    | . LP exp RP
   42    | . NUM
   43    | . TRUE
   44    | . FALSE
   45    | . ID
   46    | . THIS
   47    | . NEW INT LSP exp RSP
   47    | NEW INT LSP . exp RSP
   48    | . NEW ID LP RP
   49    | . NOT exp

    LP     偏移，並進入狀態 72
    NUM    偏移，並進入狀態 73
    TRUE   偏移，並進入狀態 74
    FALSE  偏移，並進入狀態 75
    NOT    偏移，並進入狀態 76
    THIS   偏移，並進入狀態 77
    NEW    偏移，並進入狀態 78
    ID     偏移，並進入狀態 79

    exp  進入狀態 119


狀態 109

   48 exp: NEW ID LP . RP

    RP  偏移，並進入狀態 120


狀態 110

   29 relop: . ADD
   30      | . MINUS
   31      | . TIMES
   32      | . OR
   33      | . AND
   34      | . LT
   35      | . LE
   36      | . EQ
   37      | . DOT
   38 exp: exp . relop exp
   39    | ID LSP exp . RSP

    OR     偏移，並進入狀態 92
    AND    偏移，並進入狀態 93
    EQ     偏移，並進入狀態 94
    LE     偏移，並進入狀態 95
    LT     偏移，並進入狀態 96
    MINUS  偏移，並進入狀態 97
    ADD    偏移，並進入狀態 98
    TIMES  偏移，並進入狀態 99
    RSP    偏移，並進入狀態 121
    DOT    偏移，並進入狀態 101

    relop  進入狀態 102


狀態 111

   29 relop: . ADD
   30      | . MINUS
   31      | . TIMES
   32      | . OR
   33      | . AND
   34      | . LT
   35      | . LE
   36      | . EQ
   37      | . DOT
   38 exp: exp . relop exp
   50 exprests: . exprest exprests
   51         | .  [RP]
   52 explist: exp . exprests
   53 exprest: . COMMA exp

    OR     偏移，並進入狀態 92
    AND    偏移，並進入狀態 93
    EQ     偏移，並進入狀態 94
    LE     偏移，並進入狀態 95
    LT     偏移，並進入狀態 96
    MINUS  偏移，並進入狀態 97
    ADD    偏移，並進入狀態 98
    TIMES  偏移，並進入狀態 99
    COMMA  偏移，並進入狀態 122
    DOT    偏移，並進入狀態 101

    $預設  使用規則 51 以縮減 (exprests)

    relop     進入狀態 102
    exprests  進入狀態 123
    exprest   進入狀態 124


狀態 112

   40 exp: ID LP explist . RP

    RP  偏移，並進入狀態 125


狀態 113

   24 stmt: IF LP exp RP stmts . ELSE stmts

    ELSE  偏移，並進入狀態 126


狀態 114

   29 relop: . ADD
   30      | . MINUS
   31      | . TIMES
   32      | . OR
   33      | . AND
   34      | . LT
   35      | . LE
   36      | . EQ
   37      | . DOT
   38 exp: exp . relop exp
   38    | exp relop exp .  [OR, AND, EQ, LE, LT, MINUS, ADD, TIMES, RSP, RP, SEMI, COMMA, DOT]

    OR     偏移，並進入狀態 92
    AND    偏移，並進入狀態 93
    EQ     偏移，並進入狀態 94
    LE     偏移，並進入狀態 95
    LT     偏移，並進入狀態 96
    MINUS  偏移，並進入狀態 97
    ADD    偏移，並進入狀態 98
    TIMES  偏移，並進入狀態 99
    DOT    偏移，並進入狀態 101

    OR     [使用規則 38 以縮減 (exp)]
    AND    [使用規則 38 以縮減 (exp)]
    EQ     [使用規則 38 以縮減 (exp)]
    LE     [使用規則 38 以縮減 (exp)]
    LT     [使用規則 38 以縮減 (exp)]
    MINUS  [使用規則 38 以縮減 (exp)]
    ADD    [使用規則 38 以縮減 (exp)]
    TIMES  [使用規則 38 以縮減 (exp)]
    DOT    [使用規則 38 以縮減 (exp)]
    $預設  使用規則 38 以縮減 (exp)

    relop  進入狀態 102


狀態 115

   25 stmt: WHILE LP exp RP stmts .

    $預設  使用規則 25 以縮減 (stmt)


狀態 116

   26 stmt: PRINT LP exp RP SEMI .

    $預設  使用規則 26 以縮減 (stmt)


狀態 117

   27 stmt: ID LSP exp RSP EQ . exp SEMI
   38 exp: . exp relop exp
   39    | . ID LSP exp RSP
   40    | . ID LP explist RP
   41    | . LP exp RP
   42    | . NUM
   43    | . TRUE
   44    | . FALSE
   45    | . ID
   46    | . THIS
   47    | . NEW INT LSP exp RSP
   48    | . NEW ID LP RP
   49    | . NOT exp

    LP     偏移，並進入狀態 72
    NUM    偏移，並進入狀態 73
    TRUE   偏移，並進入狀態 74
    FALSE  偏移，並進入狀態 75
    NOT    偏移，並進入狀態 76
    THIS   偏移，並進入狀態 77
    NEW    偏移，並進入狀態 78
    ID     偏移，並進入狀態 79

    exp  進入狀態 127


狀態 118

   14 mdcl: PUB type ID LP formals RP LBP vdcls stmts RETURN exp SEMI RBP .

    $預設  使用規則 14 以縮減 (mdcl)


狀態 119

   29 relop: . ADD
   30      | . MINUS
   31      | . TIMES
   32      | . OR
   33      | . AND
   34      | . LT
   35      | . LE
   36      | . EQ
   37      | . DOT
   38 exp: exp . relop exp
   47    | NEW INT LSP exp . RSP

    OR     偏移，並進入狀態 92
    AND    偏移，並進入狀態 93
    EQ     偏移，並進入狀態 94
    LE     偏移，並進入狀態 95
    LT     偏移，並進入狀態 96
    MINUS  偏移，並進入狀態 97
    ADD    偏移，並進入狀態 98
    TIMES  偏移，並進入狀態 99
    RSP    偏移，並進入狀態 128
    DOT    偏移，並進入狀態 101

    relop  進入狀態 102


狀態 120

   48 exp: NEW ID LP RP .

    $預設  使用規則 48 以縮減 (exp)


狀態 121

   39 exp: ID LSP exp RSP .

    $預設  使用規則 39 以縮減 (exp)


狀態 122

   38 exp: . exp relop exp
   39    | . ID LSP exp RSP
   40    | . ID LP explist RP
   41    | . LP exp RP
   42    | . NUM
   43    | . TRUE
   44    | . FALSE
   45    | . ID
   46    | . THIS
   47    | . NEW INT LSP exp RSP
   48    | . NEW ID LP RP
   49    | . NOT exp
   53 exprest: COMMA . exp

    LP     偏移，並進入狀態 72
    NUM    偏移，並進入狀態 73
    TRUE   偏移，並進入狀態 74
    FALSE  偏移，並進入狀態 75
    NOT    偏移，並進入狀態 76
    THIS   偏移，並進入狀態 77
    NEW    偏移，並進入狀態 78
    ID     偏移，並進入狀態 79

    exp  進入狀態 129


狀態 123

   52 explist: exp exprests .

    $預設  使用規則 52 以縮減 (explist)


狀態 124

   50 exprests: . exprest exprests
   50         | exprest . exprests
   51         | .  [RP]
   53 exprest: . COMMA exp

    COMMA  偏移，並進入狀態 122

    $預設  使用規則 51 以縮減 (exprests)

    exprests  進入狀態 130
    exprest   進入狀態 124


狀態 125

   40 exp: ID LP explist RP .

    $預設  使用規則 40 以縮減 (exp)


狀態 126

    3 stmts: . stmt stmts
    4      | .  [LBP, RBP, INT, BOOLEAN, IF, ELSE, WHILE, PRINT, RETURN, ID]
    9 vdcls: . vdcl vdcls
   10      | .  [LBP, RBP, INT, BOOLEAN, IF, ELSE, WHILE, PRINT, RETURN, ID]
   11 vdcl: . type ID SEMI
   19 type: . INT LSP RSP
   20     | . BOOLEAN
   21     | . INT
   22     | . ID
   23 stmt: . LBP stmts RBP
   24     | . IF LP exp RP stmts ELSE stmts
   24     | IF LP exp RP stmts ELSE . stmts
   25     | . WHILE LP exp RP stmts
   26     | . PRINT LP exp RP SEMI
   27     | . ID LSP exp RSP EQ exp SEMI
   28     | . vdcls

    LBP      偏移，並進入狀態 52
    INT      偏移，並進入狀態 15
    BOOLEAN  偏移，並進入狀態 16
    IF       偏移，並進入狀態 53
    WHILE    偏移，並進入狀態 54
    PRINT    偏移，並進入狀態 55
    ID       偏移，並進入狀態 56

    LBP      [使用規則 4 以縮減 (stmts)]
    LBP      [使用規則 10 以縮減 (vdcls)]
    RBP      使用規則 4 以縮減 (stmts)
    RBP      [使用規則 10 以縮減 (vdcls)]
    INT      [使用規則 4 以縮減 (stmts)]
    INT      [使用規則 10 以縮減 (vdcls)]
    BOOLEAN  [使用規則 4 以縮減 (stmts)]
    BOOLEAN  [使用規則 10 以縮減 (vdcls)]
    IF       [使用規則 4 以縮減 (stmts)]
    IF       [使用規則 10 以縮減 (vdcls)]
    ELSE     使用規則 4 以縮減 (stmts)
    ELSE     [使用規則 10 以縮減 (vdcls)]
    WHILE    [使用規則 4 以縮減 (stmts)]
    WHILE    [使用規則 10 以縮減 (vdcls)]
    PRINT    [使用規則 4 以縮減 (stmts)]
    PRINT    [使用規則 10 以縮減 (vdcls)]
    RETURN   使用規則 4 以縮減 (stmts)
    RETURN   [使用規則 10 以縮減 (vdcls)]
    ID       [使用規則 4 以縮減 (stmts)]
    ID       [使用規則 10 以縮減 (vdcls)]
    $預設    使用規則 4 以縮減 (stmts)

    stmts  進入狀態 131
    vdcls  進入狀態 58
    vdcl   進入狀態 19
    type   進入狀態 20
    stmt   進入狀態 59


狀態 127

   27 stmt: ID LSP exp RSP EQ exp . SEMI
   29 relop: . ADD
   30      | . MINUS
   31      | . TIMES
   32      | . OR
   33      | . AND
   34      | . LT
   35      | . LE
   36      | . EQ
   37      | . DOT
   38 exp: exp . relop exp

    OR     偏移，並進入狀態 92
    AND    偏移，並進入狀態 93
    EQ     偏移，並進入狀態 94
    LE     偏移，並進入狀態 95
    LT     偏移，並進入狀態 96
    MINUS  偏移，並進入狀態 97
    ADD    偏移，並進入狀態 98
    TIMES  偏移，並進入狀態 99
    SEMI   偏移，並進入狀態 132
    DOT    偏移，並進入狀態 101

    relop  進入狀態 102


狀態 128

   47 exp: NEW INT LSP exp RSP .

    $預設  使用規則 47 以縮減 (exp)


狀態 129

   29 relop: . ADD
   30      | . MINUS
   31      | . TIMES
   32      | . OR
   33      | . AND
   34      | . LT
   35      | . LE
   36      | . EQ
   37      | . DOT
   38 exp: exp . relop exp
   53 exprest: COMMA exp .  [RP, COMMA]

    OR     偏移，並進入狀態 92
    AND    偏移，並進入狀態 93
    EQ     偏移，並進入狀態 94
    LE     偏移，並進入狀態 95
    LT     偏移，並進入狀態 96
    MINUS  偏移，並進入狀態 97
    ADD    偏移，並進入狀態 98
    TIMES  偏移，並進入狀態 99
    DOT    偏移，並進入狀態 101

    $預設  使用規則 53 以縮減 (exprest)

    relop  進入狀態 102


狀態 130

   50 exprests: exprest exprests .

    $預設  使用規則 50 以縮減 (exprests)


狀態 131

   24 stmt: IF LP exp RP stmts ELSE stmts .

    $預設  使用規則 24 以縮減 (stmt)


狀態 132

   27 stmt: ID LSP exp RSP EQ exp SEMI .

    $預設  使用規則 27 以縮減 (stmt)
